<?xml version="1.0" encoding="UTF-8"?>
<!-- Generated by org.testng.reporters.JUnitReportReporter -->
<testsuite hostname="DESKTOP-T7322OL" name="p.Extentsreports" tests="1" failures="0" timestamp="22 Mar 2018 16:16:19 GMT" time="54.598" errors="1">
  <testcase name="verifyBlogTitle" time="54.598" classname="p.Extentsreports">
    <error type="org.openqa.selenium.WebDriverException" message="Failed to connect to binary FirefoxBinary(C:\Program Files (x86)\Mozilla Firefox\firefox.exe) on port 7055; process output follows: 
25&quot;  data: no] Stack trace: this.XPIDatabase.writeAddonsList()@resource://gre/modules/addons/XPIProvider.jsm -&gt; resource://gre/modules/addons/XPIProviderUtils.js:1525 &lt; this.XPIProvider.checkForChanges()@resource://gre/modules/addons/XPIProvider.jsm:3657 &lt; this.XPIProvider.startup()@resource://gre/modules/addons/XPIProvider.jsm:2622 &lt; callProvider()@resource://gre/modules/AddonManager.jsm:227 &lt; _startProvider()@resource://gre/modules/AddonManager.jsm:755 &lt; AddonManagerInternal.startup()@resource://gre/modules/AddonManager.jsm:938 &lt; this.AddonManagerPrivate.startup()@resource://gre/modules/AddonManager.jsm:2773 &lt; amManager.prototype.observe()@resource://gre/components/addonManager.js:57
1521735336745	addons.xpi	DEBUG	Registering manifest for C:\Program Files (x86)\Mozilla Firefox\browser\features\e10srollout@mozilla.org.xpi
1521735336746	addons.xpi	DEBUG	Calling bootstrap method startup on e10srollout@mozilla.org version 1.0
1521735336746	addons.xpi	DEBUG	Registering manifest for C:\Program Files (x86)\Mozilla Firefox\browser\features\firefox@getpocket.com.xpi
1521735336747	addons.xpi	DEBUG	Calling bootstrap method startup on firefox@getpocket.com version 1.0.2
1521735336748	addons.xpi	DEBUG	Registering manifest for C:\Program Files (x86)\Mozilla Firefox\browser\features\loop@mozilla.org.xpi
1521735336750	addons.xpi	DEBUG	Calling bootstrap method startup on loop@mozilla.org version 1.3.2
1521735336841	addons.xpi	DEBUG	Registering manifest for C:\Program Files (x86)\Mozilla Firefox\browser\features\websensehelper@mozilla.org.xpi
1521735336842	addons.xpi	DEBUG	Calling bootstrap method startup on websensehelper@mozilla.org version 1.0
1521735336852	addons.manager	DEBUG	Registering shutdown blocker for XPIProvider
1521735336853	addons.manager	DEBUG	Provider finished startup: XPIProvider
1521735336853	addons.manager	DEBUG	Starting provider: LightweightThemeManager
1521735336854	addons.manager	DEBUG	Registering shutdown blocker for LightweightThemeManager
1521735336854	addons.manager	DEBUG	Provider finished startup: LightweightThemeManager
1521735336856	addons.manager	DEBUG	Starting provider: GMPProvider
1521735336875	addons.manager	DEBUG	Registering shutdown blocker for GMPProvider
1521735336876	addons.manager	DEBUG	Provider finished startup: GMPProvider
1521735336876	addons.manager	DEBUG	Starting provider: PluginProvider
1521735336876	addons.manager	DEBUG	Registering shutdown blocker for PluginProvider
1521735336919	addons.manager	DEBUG	Provider finished startup: PluginProvider
1521735336920	addons.manager	DEBUG	Completed startup sequence
1521735340312	addons.manager	DEBUG	Starting provider: &lt;unnamed-provider&gt;
1521735340312	addons.manager	DEBUG	Registering shutdown blocker for &lt;unnamed-provider&gt;
1521735340312	addons.manager	DEBUG	Provider finished startup: &lt;unnamed-provider&gt;
1521735346943	DeferredSave.extensions.json	DEBUG	Write succeeded
1521735346943	addons.xpi-utils	DEBUG	XPI Database saved, setting schema version preference to 17
1521735346944	DeferredSave.extensions.json	DEBUG	Starting timer
1521735346966	DeferredSave.extensions.json	DEBUG	Starting write
1521735346971	addons.repository	DEBUG	No addons.json found.
1521735347000	DeferredSave.addons.json	DEBUG	Save changes
1521735347016	DeferredSave.addons.json	DEBUG	Starting timer
1521735347774	addons.manager	DEBUG	Starting provider: PreviousExperimentProvider
1521735347775	addons.manager	DEBUG	Registering shutdown blocker for PreviousExperimentProvider
1521735347775	addons.manager	DEBUG	Provider finished startup: PreviousExperimentProvider
1521735347785	DeferredSave.addons.json	DEBUG	Starting write
1521735348157	DeferredSave.extensions.json	DEBUG	Write succeeded
1521735348307	DeferredSave.addons.json	DEBUG	Write succeeded
console.error: 
  Could not write session state file 
  Message: Win error 32 during operation move on file C:\Users\Hussain\AppData\Local\Temp\anonymous1092608807263797921webdriver-profile\sessionstore-backups\recovery.js.tmp (The process cannot access the file because it is being used by another process.
)
  

Build info: version: &#039;2.53.1&#039;, revision: &#039;a36b8b1cd5757287168e54b817830adce9b0158d&#039;, time: &#039;2016-06-30 19:26:09&#039;
System info: host: &#039;DESKTOP-T7322OL&#039;, ip: &#039;192.168.43.165&#039;, os.name: &#039;Windows 10&#039;, os.arch: &#039;amd64&#039;, os.version: &#039;10.0&#039;, java.version: &#039;1.8.0_121&#039;
Driver info: driver.version: FirefoxDriver">
      <![CDATA[org.openqa.selenium.WebDriverException: Failed to connect to binary FirefoxBinary(C:\Program Files (x86)\Mozilla Firefox\firefox.exe) on port 7055; process output follows: 
25"  data: no] Stack trace: this.XPIDatabase.writeAddonsList()@resource://gre/modules/addons/XPIProvider.jsm -> resource://gre/modules/addons/XPIProviderUtils.js:1525 < this.XPIProvider.checkForChanges()@resource://gre/modules/addons/XPIProvider.jsm:3657 < this.XPIProvider.startup()@resource://gre/modules/addons/XPIProvider.jsm:2622 < callProvider()@resource://gre/modules/AddonManager.jsm:227 < _startProvider()@resource://gre/modules/AddonManager.jsm:755 < AddonManagerInternal.startup()@resource://gre/modules/AddonManager.jsm:938 < this.AddonManagerPrivate.startup()@resource://gre/modules/AddonManager.jsm:2773 < amManager.prototype.observe()@resource://gre/components/addonManager.js:57
1521735336745	addons.xpi	DEBUG	Registering manifest for C:\Program Files (x86)\Mozilla Firefox\browser\features\e10srollout@mozilla.org.xpi
1521735336746	addons.xpi	DEBUG	Calling bootstrap method startup on e10srollout@mozilla.org version 1.0
1521735336746	addons.xpi	DEBUG	Registering manifest for C:\Program Files (x86)\Mozilla Firefox\browser\features\firefox@getpocket.com.xpi
1521735336747	addons.xpi	DEBUG	Calling bootstrap method startup on firefox@getpocket.com version 1.0.2
1521735336748	addons.xpi	DEBUG	Registering manifest for C:\Program Files (x86)\Mozilla Firefox\browser\features\loop@mozilla.org.xpi
1521735336750	addons.xpi	DEBUG	Calling bootstrap method startup on loop@mozilla.org version 1.3.2
1521735336841	addons.xpi	DEBUG	Registering manifest for C:\Program Files (x86)\Mozilla Firefox\browser\features\websensehelper@mozilla.org.xpi
1521735336842	addons.xpi	DEBUG	Calling bootstrap method startup on websensehelper@mozilla.org version 1.0
1521735336852	addons.manager	DEBUG	Registering shutdown blocker for XPIProvider
1521735336853	addons.manager	DEBUG	Provider finished startup: XPIProvider
1521735336853	addons.manager	DEBUG	Starting provider: LightweightThemeManager
1521735336854	addons.manager	DEBUG	Registering shutdown blocker for LightweightThemeManager
1521735336854	addons.manager	DEBUG	Provider finished startup: LightweightThemeManager
1521735336856	addons.manager	DEBUG	Starting provider: GMPProvider
1521735336875	addons.manager	DEBUG	Registering shutdown blocker for GMPProvider
1521735336876	addons.manager	DEBUG	Provider finished startup: GMPProvider
1521735336876	addons.manager	DEBUG	Starting provider: PluginProvider
1521735336876	addons.manager	DEBUG	Registering shutdown blocker for PluginProvider
1521735336919	addons.manager	DEBUG	Provider finished startup: PluginProvider
1521735336920	addons.manager	DEBUG	Completed startup sequence
1521735340312	addons.manager	DEBUG	Starting provider: <unnamed-provider>
1521735340312	addons.manager	DEBUG	Registering shutdown blocker for <unnamed-provider>
1521735340312	addons.manager	DEBUG	Provider finished startup: <unnamed-provider>
1521735346943	DeferredSave.extensions.json	DEBUG	Write succeeded
1521735346943	addons.xpi-utils	DEBUG	XPI Database saved, setting schema version preference to 17
1521735346944	DeferredSave.extensions.json	DEBUG	Starting timer
1521735346966	DeferredSave.extensions.json	DEBUG	Starting write
1521735346971	addons.repository	DEBUG	No addons.json found.
1521735347000	DeferredSave.addons.json	DEBUG	Save changes
1521735347016	DeferredSave.addons.json	DEBUG	Starting timer
1521735347774	addons.manager	DEBUG	Starting provider: PreviousExperimentProvider
1521735347775	addons.manager	DEBUG	Registering shutdown blocker for PreviousExperimentProvider
1521735347775	addons.manager	DEBUG	Provider finished startup: PreviousExperimentProvider
1521735347785	DeferredSave.addons.json	DEBUG	Starting write
1521735348157	DeferredSave.extensions.json	DEBUG	Write succeeded
1521735348307	DeferredSave.addons.json	DEBUG	Write succeeded
console.error: 
  Could not write session state file 
  Message: Win error 32 during operation move on file C:\Users\Hussain\AppData\Local\Temp\anonymous1092608807263797921webdriver-profile\sessionstore-backups\recovery.js.tmp (The process cannot access the file because it is being used by another process.
)
  

Build info: version: '2.53.1', revision: 'a36b8b1cd5757287168e54b817830adce9b0158d', time: '2016-06-30 19:26:09'
System info: host: 'DESKTOP-T7322OL', ip: '192.168.43.165', os.name: 'Windows 10', os.arch: 'amd64', os.version: '10.0', java.version: '1.8.0_121'
Driver info: driver.version: FirefoxDriver
	at org.openqa.selenium.firefox.internal.NewProfileExtensionConnection.start(NewProfileExtensionConnection.java:125)
	at org.openqa.selenium.firefox.FirefoxDriver.startClient(FirefoxDriver.java:271)
	at org.openqa.selenium.remote.RemoteWebDriver.<init>(RemoteWebDriver.java:119)
	at org.openqa.selenium.firefox.FirefoxDriver.<init>(FirefoxDriver.java:216)
	at org.openqa.selenium.firefox.FirefoxDriver.<init>(FirefoxDriver.java:211)
	at org.openqa.selenium.firefox.FirefoxDriver.<init>(FirefoxDriver.java:207)
	at org.openqa.selenium.firefox.FirefoxDriver.<init>(FirefoxDriver.java:120)
	at p.Extentsreports.verifyBlogTitle(Extentsreports.java:28)
	at sun.reflect.NativeMethodAccessorImpl.invoke0(Native Method)
	at sun.reflect.NativeMethodAccessorImpl.invoke(Unknown Source)
	at sun.reflect.DelegatingMethodAccessorImpl.invoke(Unknown Source)
	at java.lang.reflect.Method.invoke(Unknown Source)
	at org.testng.internal.MethodInvocationHelper.invokeMethod(MethodInvocationHelper.java:85)
	at org.testng.internal.Invoker.invokeMethod(Invoker.java:639)
	at org.testng.internal.Invoker.invokeTestMethod(Invoker.java:816)
	at org.testng.internal.Invoker.invokeTestMethods(Invoker.java:1124)
	at org.testng.internal.TestMethodWorker.invokeTestMethods(TestMethodWorker.java:125)
	at org.testng.internal.TestMethodWorker.run(TestMethodWorker.java:108)
	at org.testng.TestRunner.privateRun(TestRunner.java:774)
	at org.testng.TestRunner.run(TestRunner.java:624)
	at org.testng.SuiteRunner.runTest(SuiteRunner.java:359)
	at org.testng.SuiteRunner.runSequentially(SuiteRunner.java:354)
	at org.testng.SuiteRunner.privateRun(SuiteRunner.java:312)
	at org.testng.SuiteRunner.run(SuiteRunner.java:261)
	at org.testng.SuiteRunnerWorker.runSuite(SuiteRunnerWorker.java:52)
	at org.testng.SuiteRunnerWorker.run(SuiteRunnerWorker.java:86)
	at org.testng.TestNG.runSuitesSequentially(TestNG.java:1215)
	at org.testng.TestNG.runSuitesLocally(TestNG.java:1140)
	at org.testng.TestNG.run(TestNG.java:1048)
	at org.testng.remote.AbstractRemoteTestNG.run(AbstractRemoteTestNG.java:114)
	at org.testng.remote.RemoteTestNG.initAndRun(RemoteTestNG.java:251)
	at org.testng.remote.RemoteTestNG.main(RemoteTestNG.java:77)
Caused by: org.openqa.selenium.firefox.NotConnectedException: Unable to connect to host 127.0.0.1 on port 7055 after 45000 ms. Firefox console output:
25"  data: no] Stack trace: this.XPIDatabase.writeAddonsList()@resource://gre/modules/addons/XPIProvider.jsm -> resource://gre/modules/addons/XPIProviderUtils.js:1525 < this.XPIProvider.checkForChanges()@resource://gre/modules/addons/XPIProvider.jsm:3657 < this.XPIProvider.startup()@resource://gre/modules/addons/XPIProvider.jsm:2622 < callProvider()@resource://gre/modules/AddonManager.jsm:227 < _startProvider()@resource://gre/modules/AddonManager.jsm:755 < AddonManagerInternal.startup()@resource://gre/modules/AddonManager.jsm:938 < this.AddonManagerPrivate.startup()@resource://gre/modules/AddonManager.jsm:2773 < amManager.prototype.observe()@resource://gre/components/addonManager.js:57
1521735336745	addons.xpi	DEBUG	Registering manifest for C:\Program Files (x86)\Mozilla Firefox\browser\features\e10srollout@mozilla.org.xpi
1521735336746	addons.xpi	DEBUG	Calling bootstrap method startup on e10srollout@mozilla.org version 1.0
1521735336746	addons.xpi	DEBUG	Registering manifest for C:\Program Files (x86)\Mozilla Firefox\browser\features\firefox@getpocket.com.xpi
1521735336747	addons.xpi	DEBUG	Calling bootstrap method startup on firefox@getpocket.com version 1.0.2
1521735336748	addons.xpi	DEBUG	Registering manifest for C:\Program Files (x86)\Mozilla Firefox\browser\features\loop@mozilla.org.xpi
1521735336750	addons.xpi	DEBUG	Calling bootstrap method startup on loop@mozilla.org version 1.3.2
1521735336841	addons.xpi	DEBUG	Registering manifest for C:\Program Files (x86)\Mozilla Firefox\browser\features\websensehelper@mozilla.org.xpi
1521735336842	addons.xpi	DEBUG	Calling bootstrap method startup on websensehelper@mozilla.org version 1.0
1521735336852	addons.manager	DEBUG	Registering shutdown blocker for XPIProvider
1521735336853	addons.manager	DEBUG	Provider finished startup: XPIProvider
1521735336853	addons.manager	DEBUG	Starting provider: LightweightThemeManager
1521735336854	addons.manager	DEBUG	Registering shutdown blocker for LightweightThemeManager
1521735336854	addons.manager	DEBUG	Provider finished startup: LightweightThemeManager
1521735336856	addons.manager	DEBUG	Starting provider: GMPProvider
1521735336875	addons.manager	DEBUG	Registering shutdown blocker for GMPProvider
1521735336876	addons.manager	DEBUG	Provider finished startup: GMPProvider
1521735336876	addons.manager	DEBUG	Starting provider: PluginProvider
1521735336876	addons.manager	DEBUG	Registering shutdown blocker for PluginProvider
1521735336919	addons.manager	DEBUG	Provider finished startup: PluginProvider
1521735336920	addons.manager	DEBUG	Completed startup sequence
1521735340312	addons.manager	DEBUG	Starting provider: <unnamed-provider>
1521735340312	addons.manager	DEBUG	Registering shutdown blocker for <unnamed-provider>
1521735340312	addons.manager	DEBUG	Provider finished startup: <unnamed-provider>
1521735346943	DeferredSave.extensions.json	DEBUG	Write succeeded
1521735346943	addons.xpi-utils	DEBUG	XPI Database saved, setting schema version preference to 17
1521735346944	DeferredSave.extensions.json	DEBUG	Starting timer
1521735346966	DeferredSave.extensions.json	DEBUG	Starting write
1521735346971	addons.repository	DEBUG	No addons.json found.
1521735347000	DeferredSave.addons.json	DEBUG	Save changes
1521735347016	DeferredSave.addons.json	DEBUG	Starting timer
1521735347774	addons.manager	DEBUG	Starting provider: PreviousExperimentProvider
1521735347775	addons.manager	DEBUG	Registering shutdown blocker for PreviousExperimentProvider
1521735347775	addons.manager	DEBUG	Provider finished startup: PreviousExperimentProvider
1521735347785	DeferredSave.addons.json	DEBUG	Starting write
1521735348157	DeferredSave.extensions.json	DEBUG	Write succeeded
1521735348307	DeferredSave.addons.json	DEBUG	Write succeeded
console.error: 
  Could not write session state file 
  Message: Win error 32 during operation move on file C:\Users\Hussain\AppData\Local\Temp\anonymous1092608807263797921webdriver-profile\sessionstore-backups\recovery.js.tmp (The process cannot access the file because it is being used by another process.
)
  

	at org.openqa.selenium.firefox.internal.NewProfileExtensionConnection.start(NewProfileExtensionConnection.java:113)
	... 31 more
]]>
    </error>
  </testcase> <!-- verifyBlogTitle -->
</testsuite> <!-- p.Extentsreports -->
