<?xml version="1.0" encoding="UTF-8"?>
<!-- Generated by org.testng.reporters.JUnitReportReporter -->
<testsuite hostname="DESKTOP-T7322OL" name="practiceTestCases.DataProviderWithExcel_001" tests="2" failures="0" timestamp="6 Apr 2018 05:10:02 GMT" time="60.367" errors="0">
  <testcase name="Registration_data" time="27.475" classname="practiceTestCases.DataProviderWithExcel_001"/>
  <testcase name="Registration_data" time="32.892" classname="practiceTestCases.DataProviderWithExcel_001"/>
</testsuite> <!-- practiceTestCases.DataProviderWithExcel_001 -->
