<?xml version="1.0" encoding="UTF-8"?>
<!-- Generated by org.testng.reporters.JUnitReportReporter -->
<testsuite hostname="DESKTOP-T7322OL" name="s.Polymdrom" tests="1" failures="0" timestamp="5 Aug 2018 08:53:08 GMT" time="0.037" errors="0">
  <testcase name="reverseString" time="0.037" classname="s.Polymdrom"/>
</testsuite> <!-- s.Polymdrom -->
