<?xml version="1.0" encoding="UTF-8"?>
<!-- Generated by org.testng.reporters.JUnitReportReporter -->
<testsuite hostname="DESKTOP-T7322OL" name="Interview_Quesions.ExcerciseRobot1" tests="1" failures="0" timestamp="15 Dec 2018 07:44:18 GMT" time="18.236" errors="0">
  <testcase name="screen_capture_using_robot_full" time="18.236" classname="Interview_Quesions.ExcerciseRobot1"/>
</testsuite> <!-- Interview_Quesions.ExcerciseRobot1 -->
