<?xml version="1.0" encoding="UTF-8"?>
<!-- Generated by org.testng.reporters.JUnitReportReporter -->
<testsuite hostname="DESKTOP-T7322OL" name="p.Jdbcconnectionfororacle" tests="1" failures="0" timestamp="15 Aug 2018 07:47:21 GMT" time="52.300" errors="0">
  <testcase name="oracledatabaseconnection" time="52.300" classname="p.Jdbcconnectionfororacle"/>
</testsuite> <!-- p.Jdbcconnectionfororacle -->
