<?xml version="1.0" encoding="UTF-8"?>
<!-- Generated by org.testng.reporters.JUnitReportReporter -->
<testsuite hostname="DESKTOP-T7322OL" failures="0" tests="1" name="p.Pract" time="0.031" errors="0" timestamp="24 Nov 2018 05:14:43 GMT">
  <testcase classname="p.Pract" name="count_duplicate_charectors_in_string" time="0.031"/>
</testsuite> <!-- p.Pract -->
