<?xml version="1.0" encoding="UTF-8"?>
<!-- Generated by org.testng.reporters.JUnitReportReporter -->
<testsuite hostname="DESKTOP-T7322OL" name="practiceTestCases.DataProviderWithExcel_001" tests="2" failures="0" timestamp="4 Aug 2018 17:08:36 GMT" time="43.925" errors="0">
  <testcase name="Registration_data" time="22.463" classname="practiceTestCases.DataProviderWithExcel_001"/>
  <testcase name="Registration" time="21.462" classname="practiceTestCases.DataProviderWithExcel_001"/>
</testsuite> <!-- practiceTestCases.DataProviderWithExcel_001 -->
