<?xml version="1.0" encoding="UTF-8"?>
<!-- Generated by org.testng.reporters.JUnitReportReporter -->
<testsuite hostname="DESKTOP-T7322OL" name="p.Databaseconnection" tests="1" failures="0" timestamp="15 Aug 2018 07:43:47 GMT" time="47.241" errors="0">
  <testcase name="tc_1" time="47.241" classname="p.Databaseconnection"/>
</testsuite> <!-- p.Databaseconnection -->
