<?xml version="1.0" encoding="UTF-8"?>
<!-- Generated by org.testng.reporters.JUnitReportReporter -->
<testsuite hostname="DESKTOP-T7322OL" name="practiceTestCases.DataProviderWithExcel_001" tests="5" failures="0" timestamp="16 Apr 2018 16:35:28 GMT" time="0.050" errors="0">
  <testcase name="Registration_data" time="0.016" classname="practiceTestCases.DataProviderWithExcel_001"/>
  <testcase name="Registration_data" time="0.004" classname="practiceTestCases.DataProviderWithExcel_001"/>
  <testcase name="Registration_data" time="0.007" classname="practiceTestCases.DataProviderWithExcel_001"/>
  <testcase name="Registration_data" time="0.019" classname="practiceTestCases.DataProviderWithExcel_001"/>
  <testcase name="Registration_data" time="0.004" classname="practiceTestCases.DataProviderWithExcel_001"/>
</testsuite> <!-- practiceTestCases.DataProviderWithExcel_001 -->
