<?xml version="1.0" encoding="UTF-8"?>
<!-- Generated by org.testng.reporters.JUnitReportReporter -->
<testsuite hostname="DESKTOP-T7322OL" name="practiceTestCases.DataProviderWithExcel_001" tests="5" failures="0" timestamp="26 Jul 2018 07:57:05 GMT" time="0.060" errors="0">
  <testcase name="Registration_data" time="0.026" classname="practiceTestCases.DataProviderWithExcel_001"/>
  <testcase name="Registration_data" time="0.005" classname="practiceTestCases.DataProviderWithExcel_001"/>
  <testcase name="Registration_data" time="0.003" classname="practiceTestCases.DataProviderWithExcel_001"/>
  <testcase name="Registration_data" time="0.009" classname="practiceTestCases.DataProviderWithExcel_001"/>
  <testcase name="Registration_data" time="0.017" classname="practiceTestCases.DataProviderWithExcel_001"/>
</testsuite> <!-- practiceTestCases.DataProviderWithExcel_001 -->
