<?xml version="1.0" encoding="UTF-8"?>
<!-- Generated by org.testng.reporters.JUnitReportReporter -->
<testsuite hostname="DESKTOP-T7322OL" name="p.Chrome" tests="1" failures="0" timestamp="25 Mar 2018 15:10:41 GMT" time="0.050" errors="0">
  <testcase name="polymdromnumber" time="0.050" classname="p.Chrome"/>
</testsuite> <!-- p.Chrome -->
