<?xml version="1.0" encoding="UTF-8"?>
<!-- Generated by org.testng.reporters.JUnitReportReporter -->
<testsuite hostname="DESKTOP-T7322OL" failures="0" tests="1" name="practiceTestCases.DataProviderWithExcel_001" time="0.009" errors="1" timestamp="21 Nov 2018 06:06:59 GMT">
  <testcase classname="practiceTestCases.DataProviderWithExcel_001" name="Registration_data" time="0.009">
    <error message="Failed to connect to binary FirefoxBinary(C:\Program Files\Mozilla Firefox\firefox.exe) on port 7055; process output follows: 
try whose name is not a valid add-on ID: C:\Users\Hussain\AppData\Local\Temp\anonymous10966967371362657715webdriver-profile\extensions\webdriver-staging
1542780385649	addons.xpi	DEBUG	Existing add-on fxdriver@googlecode.com in app-profile
1542780385650	addons.xpi	INFO	Mapping activity-stream@mozilla.org to C:\Program Files\Mozilla Firefox\browser\features\activity-stream@mozilla.org.xpi
1542780385650	addons.xpi	INFO	Mapping aushelper@mozilla.org to C:\Program Files\Mozilla Firefox\browser\features\aushelper@mozilla.org.xpi
1542780385651	addons.xpi	INFO	Mapping clicktoplay-rollout@mozilla.org to C:\Program Files\Mozilla Firefox\browser\features\clicktoplay-rollout@mozilla.org.xpi
1542780385651	addons.xpi	INFO	Mapping e10srollout@mozilla.org to C:\Program Files\Mozilla Firefox\browser\features\e10srollout@mozilla.org.xpi
1542780385651	addons.xpi	INFO	Mapping firefox@getpocket.com to C:\Program Files\Mozilla Firefox\browser\features\firefox@getpocket.com.xpi
1542780385651	addons.xpi	INFO	Mapping followonsearch@mozilla.com to C:\Program Files\Mozilla Firefox\browser\features\followonsearch@mozilla.com.xpi
1542780385651	addons.xpi	INFO	Mapping formautofill@mozilla.org to C:\Program Files\Mozilla Firefox\browser\features\formautofill@mozilla.org.xpi
1542780385651	addons.xpi	INFO	Mapping onboarding@mozilla.org to C:\Program Files\Mozilla Firefox\browser\features\onboarding@mozilla.org.xpi
1542780385652	addons.xpi	INFO	Mapping screenshots@mozilla.org to C:\Program Files\Mozilla Firefox\browser\features\screenshots@mozilla.org.xpi
1542780385652	addons.xpi	INFO	Mapping shield-recipe-client@mozilla.org to C:\Program Files\Mozilla Firefox\browser\features\shield-recipe-client@mozilla.org.xpi
1542780385652	addons.xpi	INFO	Mapping webcompat@mozilla.org to C:\Program Files\Mozilla Firefox\browser\features\webcompat@mozilla.org.xpi
1542780385653	addons.xpi	DEBUG	Existing add-on activity-stream@mozilla.org in app-system-defaults
1542780385653	addons.xpi	DEBUG	Existing add-on aushelper@mozilla.org in app-system-defaults
1542780385654	addons.xpi	DEBUG	Existing add-on clicktoplay-rollout@mozilla.org in app-system-defaults
1542780385654	addons.xpi	DEBUG	Existing add-on e10srollout@mozilla.org in app-system-defaults
1542780385655	addons.xpi	DEBUG	Existing add-on firefox@getpocket.com in app-system-defaults
1542780385656	addons.xpi	DEBUG	Existing add-on followonsearch@mozilla.com in app-system-defaults
1542780385657	addons.xpi	DEBUG	Existing add-on formautofill@mozilla.org in app-system-defaults
1542780385657	addons.xpi	DEBUG	Existing add-on onboarding@mozilla.org in app-system-defaults
1542780385658	addons.xpi	DEBUG	Existing add-on screenshots@mozilla.org in app-system-defaults
1542780385658	addons.xpi	DEBUG	Existing add-on shield-recipe-client@mozilla.org in app-system-defaults
1542780385659	addons.xpi	DEBUG	Existing add-on webcompat@mozilla.org in app-system-defaults
1542780385661	addons.xpi	INFO	Mapping {972ce4c6-7e08-4474-a285-3208198ce6fd} to C:\Program Files\Mozilla Firefox\browser\extensions\{972ce4c6-7e08-4474-a285-3208198ce6fd}.xpi
1542780385661	addons.xpi	DEBUG	Existing add-on {972ce4c6-7e08-4474-a285-3208198ce6fd} in app-global
1542780385662	addons.xpi	DEBUG	getInstallState changed: false, state: {}
1542780385702	DeferredSave.webext.sc.lz4	DEBUG	Starting write
1542780386252	DeferredSave.webext.sc.lz4	DEBUG	Write succeeded
1542780386541	addons.productaddons	INFO	sending request to: https://aus5.mozilla.org/update/3/GMP/56.0/20170926190823/WINNT_x86_64-msvc-x64/en-US/release/Windows_NT%2010.0.0.0%20(x64)/default/default/update.xml
1542780388146	addons.productaddons	INFO	Completed downloading document
1542780389129	addons.productaddons	INFO	downloadXHR File download. status=200
1542780389133	addons.productaddons	INFO	Downloaded file will be saved to C:\Users\Hussain\AppData\Local\Temp\tmpaddon-ff6238
1542780396577	addons.productaddons	INFO	downloadXHR File download. status=200
1542780396582	addons.productaddons	INFO	Downloaded file will be saved to C:\Users\Hussain\AppData\Local\Temp\tmpaddon-b420b5

Build info: version: &#039;2.53.1&#039;, revision: &#039;a36b8b1cd5757287168e54b817830adce9b0158d&#039;, time: &#039;2016-06-30 19:26:09&#039;
System info: host: &#039;DESKTOP-T7322OL&#039;, ip: &#039;192.168.9.2&#039;, os.name: &#039;Windows 10&#039;, os.arch: &#039;amd64&#039;, os.version: &#039;10.0&#039;, java.version: &#039;10.0.2&#039;
Driver info: driver.version: FirefoxDriver" type="org.openqa.selenium.WebDriverException">
      <![CDATA[org.openqa.selenium.WebDriverException: Failed to connect to binary FirefoxBinary(C:\Program Files\Mozilla Firefox\firefox.exe) on port 7055; process output follows: 
try whose name is not a valid add-on ID: C:\Users\Hussain\AppData\Local\Temp\anonymous10966967371362657715webdriver-profile\extensions\webdriver-staging
1542780385649	addons.xpi	DEBUG	Existing add-on fxdriver@googlecode.com in app-profile
1542780385650	addons.xpi	INFO	Mapping activity-stream@mozilla.org to C:\Program Files\Mozilla Firefox\browser\features\activity-stream@mozilla.org.xpi
1542780385650	addons.xpi	INFO	Mapping aushelper@mozilla.org to C:\Program Files\Mozilla Firefox\browser\features\aushelper@mozilla.org.xpi
1542780385651	addons.xpi	INFO	Mapping clicktoplay-rollout@mozilla.org to C:\Program Files\Mozilla Firefox\browser\features\clicktoplay-rollout@mozilla.org.xpi
1542780385651	addons.xpi	INFO	Mapping e10srollout@mozilla.org to C:\Program Files\Mozilla Firefox\browser\features\e10srollout@mozilla.org.xpi
1542780385651	addons.xpi	INFO	Mapping firefox@getpocket.com to C:\Program Files\Mozilla Firefox\browser\features\firefox@getpocket.com.xpi
1542780385651	addons.xpi	INFO	Mapping followonsearch@mozilla.com to C:\Program Files\Mozilla Firefox\browser\features\followonsearch@mozilla.com.xpi
1542780385651	addons.xpi	INFO	Mapping formautofill@mozilla.org to C:\Program Files\Mozilla Firefox\browser\features\formautofill@mozilla.org.xpi
1542780385651	addons.xpi	INFO	Mapping onboarding@mozilla.org to C:\Program Files\Mozilla Firefox\browser\features\onboarding@mozilla.org.xpi
1542780385652	addons.xpi	INFO	Mapping screenshots@mozilla.org to C:\Program Files\Mozilla Firefox\browser\features\screenshots@mozilla.org.xpi
1542780385652	addons.xpi	INFO	Mapping shield-recipe-client@mozilla.org to C:\Program Files\Mozilla Firefox\browser\features\shield-recipe-client@mozilla.org.xpi
1542780385652	addons.xpi	INFO	Mapping webcompat@mozilla.org to C:\Program Files\Mozilla Firefox\browser\features\webcompat@mozilla.org.xpi
1542780385653	addons.xpi	DEBUG	Existing add-on activity-stream@mozilla.org in app-system-defaults
1542780385653	addons.xpi	DEBUG	Existing add-on aushelper@mozilla.org in app-system-defaults
1542780385654	addons.xpi	DEBUG	Existing add-on clicktoplay-rollout@mozilla.org in app-system-defaults
1542780385654	addons.xpi	DEBUG	Existing add-on e10srollout@mozilla.org in app-system-defaults
1542780385655	addons.xpi	DEBUG	Existing add-on firefox@getpocket.com in app-system-defaults
1542780385656	addons.xpi	DEBUG	Existing add-on followonsearch@mozilla.com in app-system-defaults
1542780385657	addons.xpi	DEBUG	Existing add-on formautofill@mozilla.org in app-system-defaults
1542780385657	addons.xpi	DEBUG	Existing add-on onboarding@mozilla.org in app-system-defaults
1542780385658	addons.xpi	DEBUG	Existing add-on screenshots@mozilla.org in app-system-defaults
1542780385658	addons.xpi	DEBUG	Existing add-on shield-recipe-client@mozilla.org in app-system-defaults
1542780385659	addons.xpi	DEBUG	Existing add-on webcompat@mozilla.org in app-system-defaults
1542780385661	addons.xpi	INFO	Mapping {972ce4c6-7e08-4474-a285-3208198ce6fd} to C:\Program Files\Mozilla Firefox\browser\extensions\{972ce4c6-7e08-4474-a285-3208198ce6fd}.xpi
1542780385661	addons.xpi	DEBUG	Existing add-on {972ce4c6-7e08-4474-a285-3208198ce6fd} in app-global
1542780385662	addons.xpi	DEBUG	getInstallState changed: false, state: {}
1542780385702	DeferredSave.webext.sc.lz4	DEBUG	Starting write
1542780386252	DeferredSave.webext.sc.lz4	DEBUG	Write succeeded
1542780386541	addons.productaddons	INFO	sending request to: https://aus5.mozilla.org/update/3/GMP/56.0/20170926190823/WINNT_x86_64-msvc-x64/en-US/release/Windows_NT%2010.0.0.0%20(x64)/default/default/update.xml
1542780388146	addons.productaddons	INFO	Completed downloading document
1542780389129	addons.productaddons	INFO	downloadXHR File download. status=200
1542780389133	addons.productaddons	INFO	Downloaded file will be saved to C:\Users\Hussain\AppData\Local\Temp\tmpaddon-ff6238
1542780396577	addons.productaddons	INFO	downloadXHR File download. status=200
1542780396582	addons.productaddons	INFO	Downloaded file will be saved to C:\Users\Hussain\AppData\Local\Temp\tmpaddon-b420b5

Build info: version: '2.53.1', revision: 'a36b8b1cd5757287168e54b817830adce9b0158d', time: '2016-06-30 19:26:09'
System info: host: 'DESKTOP-T7322OL', ip: '192.168.9.2', os.name: 'Windows 10', os.arch: 'amd64', os.version: '10.0', java.version: '10.0.2'
Driver info: driver.version: FirefoxDriver
	at org.openqa.selenium.firefox.internal.NewProfileExtensionConnection.start(NewProfileExtensionConnection.java:125)
	at org.openqa.selenium.firefox.FirefoxDriver.startClient(FirefoxDriver.java:271)
	at org.openqa.selenium.remote.RemoteWebDriver.<init>(RemoteWebDriver.java:119)
	at org.openqa.selenium.firefox.FirefoxDriver.<init>(FirefoxDriver.java:216)
	at org.openqa.selenium.firefox.FirefoxDriver.<init>(FirefoxDriver.java:211)
	at org.openqa.selenium.firefox.FirefoxDriver.<init>(FirefoxDriver.java:207)
	at org.openqa.selenium.firefox.FirefoxDriver.<init>(FirefoxDriver.java:120)
	at practiceTestCases.DataProviderWithExcel_001.beforeMethod(DataProviderWithExcel_001.java:35)
	at java.base/jdk.internal.reflect.NativeMethodAccessorImpl.invoke0(Native Method)
	at java.base/jdk.internal.reflect.NativeMethodAccessorImpl.invoke(Unknown Source)
	at java.base/jdk.internal.reflect.DelegatingMethodAccessorImpl.invoke(Unknown Source)
	at java.base/java.lang.reflect.Method.invoke(Unknown Source)
	at org.testng.internal.MethodInvocationHelper.invokeMethod(MethodInvocationHelper.java:85)
	at org.testng.internal.Invoker.invokeConfigurationMethod(Invoker.java:510)
	at org.testng.internal.Invoker.invokeConfigurations(Invoker.java:211)
	at org.testng.internal.Invoker.invokeMethod(Invoker.java:585)
	at org.testng.internal.Invoker.invokeTestMethod(Invoker.java:816)
	at org.testng.internal.Invoker.invokeTestMethods(Invoker.java:1124)
	at org.testng.internal.TestMethodWorker.invokeTestMethods(TestMethodWorker.java:125)
	at org.testng.internal.TestMethodWorker.run(TestMethodWorker.java:108)
	at org.testng.TestRunner.privateRun(TestRunner.java:774)
	at org.testng.TestRunner.run(TestRunner.java:624)
	at org.testng.SuiteRunner.runTest(SuiteRunner.java:359)
	at org.testng.SuiteRunner.runSequentially(SuiteRunner.java:354)
	at org.testng.SuiteRunner.privateRun(SuiteRunner.java:312)
	at org.testng.SuiteRunner.run(SuiteRunner.java:261)
	at org.testng.SuiteRunnerWorker.runSuite(SuiteRunnerWorker.java:52)
	at org.testng.SuiteRunnerWorker.run(SuiteRunnerWorker.java:86)
	at org.testng.TestNG.runSuitesSequentially(TestNG.java:1215)
	at org.testng.TestNG.runSuitesLocally(TestNG.java:1140)
	at org.testng.TestNG.run(TestNG.java:1048)
	at org.testng.remote.AbstractRemoteTestNG.run(AbstractRemoteTestNG.java:114)
	at org.testng.remote.RemoteTestNG.initAndRun(RemoteTestNG.java:251)
	at org.testng.remote.RemoteTestNG.main(RemoteTestNG.java:77)
Caused by: org.openqa.selenium.firefox.NotConnectedException: Unable to connect to host 127.0.0.1 on port 7055 after 45000 ms. Firefox console output:
try whose name is not a valid add-on ID: C:\Users\Hussain\AppData\Local\Temp\anonymous10966967371362657715webdriver-profile\extensions\webdriver-staging
1542780385649	addons.xpi	DEBUG	Existing add-on fxdriver@googlecode.com in app-profile
1542780385650	addons.xpi	INFO	Mapping activity-stream@mozilla.org to C:\Program Files\Mozilla Firefox\browser\features\activity-stream@mozilla.org.xpi
1542780385650	addons.xpi	INFO	Mapping aushelper@mozilla.org to C:\Program Files\Mozilla Firefox\browser\features\aushelper@mozilla.org.xpi
1542780385651	addons.xpi	INFO	Mapping clicktoplay-rollout@mozilla.org to C:\Program Files\Mozilla Firefox\browser\features\clicktoplay-rollout@mozilla.org.xpi
1542780385651	addons.xpi	INFO	Mapping e10srollout@mozilla.org to C:\Program Files\Mozilla Firefox\browser\features\e10srollout@mozilla.org.xpi
1542780385651	addons.xpi	INFO	Mapping firefox@getpocket.com to C:\Program Files\Mozilla Firefox\browser\features\firefox@getpocket.com.xpi
1542780385651	addons.xpi	INFO	Mapping followonsearch@mozilla.com to C:\Program Files\Mozilla Firefox\browser\features\followonsearch@mozilla.com.xpi
1542780385651	addons.xpi	INFO	Mapping formautofill@mozilla.org to C:\Program Files\Mozilla Firefox\browser\features\formautofill@mozilla.org.xpi
1542780385651	addons.xpi	INFO	Mapping onboarding@mozilla.org to C:\Program Files\Mozilla Firefox\browser\features\onboarding@mozilla.org.xpi
1542780385652	addons.xpi	INFO	Mapping screenshots@mozilla.org to C:\Program Files\Mozilla Firefox\browser\features\screenshots@mozilla.org.xpi
1542780385652	addons.xpi	INFO	Mapping shield-recipe-client@mozilla.org to C:\Program Files\Mozilla Firefox\browser\features\shield-recipe-client@mozilla.org.xpi
1542780385652	addons.xpi	INFO	Mapping webcompat@mozilla.org to C:\Program Files\Mozilla Firefox\browser\features\webcompat@mozilla.org.xpi
1542780385653	addons.xpi	DEBUG	Existing add-on activity-stream@mozilla.org in app-system-defaults
1542780385653	addons.xpi	DEBUG	Existing add-on aushelper@mozilla.org in app-system-defaults
1542780385654	addons.xpi	DEBUG	Existing add-on clicktoplay-rollout@mozilla.org in app-system-defaults
1542780385654	addons.xpi	DEBUG	Existing add-on e10srollout@mozilla.org in app-system-defaults
1542780385655	addons.xpi	DEBUG	Existing add-on firefox@getpocket.com in app-system-defaults
1542780385656	addons.xpi	DEBUG	Existing add-on followonsearch@mozilla.com in app-system-defaults
1542780385657	addons.xpi	DEBUG	Existing add-on formautofill@mozilla.org in app-system-defaults
1542780385657	addons.xpi	DEBUG	Existing add-on onboarding@mozilla.org in app-system-defaults
1542780385658	addons.xpi	DEBUG	Existing add-on screenshots@mozilla.org in app-system-defaults
1542780385658	addons.xpi	DEBUG	Existing add-on shield-recipe-client@mozilla.org in app-system-defaults
1542780385659	addons.xpi	DEBUG	Existing add-on webcompat@mozilla.org in app-system-defaults
1542780385661	addons.xpi	INFO	Mapping {972ce4c6-7e08-4474-a285-3208198ce6fd} to C:\Program Files\Mozilla Firefox\browser\extensions\{972ce4c6-7e08-4474-a285-3208198ce6fd}.xpi
1542780385661	addons.xpi	DEBUG	Existing add-on {972ce4c6-7e08-4474-a285-3208198ce6fd} in app-global
1542780385662	addons.xpi	DEBUG	getInstallState changed: false, state: {}
1542780385702	DeferredSave.webext.sc.lz4	DEBUG	Starting write
1542780386252	DeferredSave.webext.sc.lz4	DEBUG	Write succeeded
1542780386541	addons.productaddons	INFO	sending request to: https://aus5.mozilla.org/update/3/GMP/56.0/20170926190823/WINNT_x86_64-msvc-x64/en-US/release/Windows_NT%2010.0.0.0%20(x64)/default/default/update.xml
1542780388146	addons.productaddons	INFO	Completed downloading document
1542780389129	addons.productaddons	INFO	downloadXHR File download. status=200
1542780389133	addons.productaddons	INFO	Downloaded file will be saved to C:\Users\Hussain\AppData\Local\Temp\tmpaddon-ff6238
1542780396577	addons.productaddons	INFO	downloadXHR File download. status=200
1542780396582	addons.productaddons	INFO	Downloaded file will be saved to C:\Users\Hussain\AppData\Local\Temp\tmpaddon-b420b5

	at org.openqa.selenium.firefox.internal.NewProfileExtensionConnection.start(NewProfileExtensionConnection.java:113)
	... 33 more
]]>
    </error>
  </testcase> <!-- Registration_data -->
</testsuite> <!-- practiceTestCases.DataProviderWithExcel_001 -->
