<?xml version="1.0" encoding="UTF-8"?>
<!-- Generated by org.testng.reporters.JUnitReportReporter -->
<testsuite hostname="DESKTOP-T7322OL" failures="0" tests="1" name="s.A2" time="0.039" errors="0" timestamp="28 Nov 2018 14:44:29 GMT">
  <testcase classname="s.A2" name="f" time="0.039"/>
</testsuite> <!-- s.A2 -->
