<?xml version="1.0" encoding="UTF-8"?>
<!-- Generated by org.testng.reporters.JUnitReportReporter -->
<testsuite hostname="DESKTOP-T7322OL" name="s.Polymdrom" tests="1" failures="0" timestamp="8 Apr 2018 11:56:58 GMT" time="0.030" errors="0">
  <testcase name="reverseString" time="0.030" classname="s.Polymdrom"/>
</testsuite> <!-- s.Polymdrom -->
