<?xml version="1.0" encoding="UTF-8"?>
<!-- Generated by org.testng.reporters.JUnitReportReporter -->
<testsuite hostname="DESKTOP-T7322OL" name="s.Fib" tests="1" failures="0" timestamp="17 Mar 2018 12:57:45 GMT" time="0.027" errors="0">
  <testcase name="without_using_recursion" time="0.027" classname="s.Fib"/>
</testsuite> <!-- s.Fib -->
