<?xml version="1.0" encoding="UTF-8"?>
<!-- Generated by org.testng.reporters.JUnitReportReporter -->
<testsuite hostname="DESKTOP-T7322OL" name="p.Webtable" tests="1" failures="0" timestamp="5 Nov 2018 09:11:32 GMT" time="13.165" errors="0">
  <testcase name="RowandCell" time="13.165" classname="p.Webtable"/>
</testsuite> <!-- p.Webtable -->
