<?xml version="1.0" encoding="UTF-8"?>
<!-- Generated by org.testng.reporters.JUnitReportReporter -->
<testsuite hostname="DESKTOP-T7322OL" name="p.Databaseconnection" tests="1" failures="0" timestamp="1 Apr 2018 05:36:41 GMT" time="0.047" errors="0">
  <testcase name="tc_1" time="0.047" classname="p.Databaseconnection"/>
</testsuite> <!-- p.Databaseconnection -->
