<?xml version="1.0" encoding="UTF-8"?>
<!-- Generated by org.testng.reporters.JUnitReportReporter -->
<testsuite hostname="DESKTOP-T7322OL" name="practiceTestCases.Webtable" tests="1" failures="0" timestamp="4 Aug 2018 10:56:18 GMT" time="45.840" errors="0">
  <testcase name="MaxFromTable" time="45.840" classname="practiceTestCases.Webtable"/>
</testsuite> <!-- practiceTestCases.Webtable -->
