<?xml version="1.0" encoding="UTF-8"?>
<!-- Generated by org.testng.reporters.JUnitReportReporter -->
<testsuite hostname="DESKTOP-T7322OL" name="p.Asserts" tests="1" failures="0" timestamp="22 Jun 2018 15:34:15 GMT" time="0.042" errors="0">
  <testcase name="asserttrue" time="0.042" classname="p.Asserts"/>
</testsuite> <!-- p.Asserts -->
