<?xml version="1.0" encoding="UTF-8"?>
<!-- Generated by org.testng.reporters.JUnitReportReporter -->
<testsuite hostname="DESKTOP-T7322OL" name="p.Webtable" tests="1" failures="0" timestamp="30 Mar 2018 07:20:59 GMT" time="14.702" errors="0">
  <testcase name="Noofrowsandcols" time="14.702" classname="p.Webtable"/>
</testsuite> <!-- p.Webtable -->
