<?xml version="1.0" encoding="UTF-8"?>
<!-- Generated by org.testng.reporters.JUnitReportReporter -->
<testsuite hostname="DESKTOP-T7322OL" name="p.Extentsreports" tests="1" failures="0" timestamp="7 Aug 2018 15:30:36 GMT" time="50.988" errors="1">
  <testcase name="verifyBlogTitle" time="50.988" classname="p.Extentsreports">
    <error type="org.openqa.selenium.WebDriverException" message="Failed to connect to binary FirefoxBinary(C:\Program Files\Mozilla Firefox\firefox.exe) on port 7055; process output follows: 
e changes
1533655789978	addons.xpi	DEBUG	Updating database with changes to installed add-ons
1533655789979	addons.xpi-utils	DEBUG	Updating add-on states
1533655789984	addons.xpi-utils	DEBUG	Writing add-ons list
1533655789992	addons.xpi-utils	ERROR	Failed to write add-ons list to profile directory: [Exception... &quot;Component returned failure code: 0x8052000e (NS_ERROR_FILE_IS_LOCKED) [nsIFile.moveTo]&quot;  nsresult: &quot;0x8052000e (NS_ERROR_FILE_IS_LOCKED)&quot;  location: &quot;JS frame :: resource://gre/modules/addons/XPIProvider.jsm -&gt; resource://gre/modules/addons/XPIProviderUtils.js :: XPIDB_writeAddonsList :: line 1485&quot;  data: no] Stack trace: XPIDB_writeAddonsList()@resource://gre/modules/addons/XPIProvider.jsm -&gt; resource://gre/modules/addons/XPIProviderUtils.js:1485 &lt; XPI_checkForChanges()@resource://gre/modules/addons/XPIProvider.jsm:3386 &lt; XPI_startup()@resource://gre/modules/addons/XPIProvider.jsm:2518 &lt; callProvider()@resource://gre/modules/AddonManager.jsm:221 &lt; _startProvider()@resource://gre/modules/AddonManager.jsm:828 &lt; AMI_startup()@resource://gre/modules/AddonManager.jsm:999 &lt; AMP_startup()@resource://gre/modules/AddonManager.jsm:2673 &lt; AMC_observe()@resource://gre/components/addonManager.js:58 &lt; &lt;file:unknown&gt;
1533655790009	addons.manager	DEBUG	Registering shutdown blocker for XPIProvider
1533655790010	addons.manager	DEBUG	Provider finished startup: XPIProvider
1533655790010	addons.manager	DEBUG	Starting provider: LightweightThemeManager
1533655790010	addons.manager	DEBUG	Registering shutdown blocker for LightweightThemeManager
1533655790010	addons.manager	DEBUG	Provider finished startup: LightweightThemeManager
1533655790011	addons.manager	DEBUG	Starting provider: GMPProvider
1533655790027	addons.manager	DEBUG	Registering shutdown blocker for GMPProvider
1533655790027	addons.manager	DEBUG	Provider finished startup: GMPProvider
1533655790027	addons.manager	DEBUG	Starting provider: PluginProvider
1533655790028	addons.manager	DEBUG	Registering shutdown blocker for PluginProvider
1533655790028	addons.manager	DEBUG	Provider finished startup: PluginProvider
1533655790029	addons.manager	DEBUG	Completed startup sequence
1533655791210	addons.manager	DEBUG	Starting provider: &lt;unnamed-provider&gt;
1533655791210	addons.manager	DEBUG	Registering shutdown blocker for &lt;unnamed-provider&gt;
1533655791211	addons.manager	DEBUG	Provider finished startup: &lt;unnamed-provider&gt;
1533655792110	DeferredSave.extensions.json	DEBUG	Starting write
1533655793368	addons.repository	DEBUG	No addons.json found.
1533655793369	DeferredSave.addons.json	DEBUG	Save changes
1533655793375	DeferredSave.addons.json	DEBUG	Starting timer
1533655793395	addons.manager	DEBUG	Starting provider: PreviousExperimentProvider
1533655793395	addons.manager	DEBUG	Registering shutdown blocker for PreviousExperimentProvider
1533655793403	addons.manager	DEBUG	Provider finished startup: PreviousExperimentProvider
1533655794083	DeferredSave.extensions.json	DEBUG	Write succeeded
1533655794083	addons.xpi-utils	DEBUG	XPI Database saved, setting schema version preference to 17
1533655794096	DeferredSave.addons.json	DEBUG	Starting write
1533655794607	DeferredSave.addons.json	DEBUG	Write succeeded
1533655806636	addons.manager	DEBUG	shutdown
1533655806637	addons.manager	DEBUG	Calling shutdown blocker for XPIProvider
1533655806637	addons.xpi	DEBUG	shutdown
1533655806638	addons.xpi-utils	DEBUG	Updating add-on states
1533655806641	addons.xpi-utils	DEBUG	Writing add-ons list
1533655806649	addons.xpi-utils	DEBUG	shutdown
1533655806650	addons.manager	DEBUG	Calling shutdown blocker for LightweightThemeManager
1533655806651	addons.manager	DEBUG	Calling shutdown blocker for GMPProvider
1533655806653	addons.manager	DEBUG	Calling shutdown blocker for PluginProvider
1533655806654	addons.manager	DEBUG	Calling shutdown blocker for &lt;unnamed-provider&gt;
1533655806657	addons.manager	DEBUG	Calling shutdown blocker for PreviousExperimentProvider
1533655806662	addons.xpi	DEBUG	Notifying XPI shutdown observers
1533655806668	addons.manager	DEBUG	Async provider shutdown done

Build info: version: &#039;2.53.1&#039;, revision: &#039;a36b8b1cd5757287168e54b817830adce9b0158d&#039;, time: &#039;2016-06-30 19:26:09&#039;
System info: host: &#039;DESKTOP-T7322OL&#039;, ip: &#039;192.168.1.8&#039;, os.name: &#039;Windows 10&#039;, os.arch: &#039;amd64&#039;, os.version: &#039;10.0&#039;, java.version: &#039;1.8.0_171&#039;
Driver info: driver.version: FirefoxDriver">
      <![CDATA[org.openqa.selenium.WebDriverException: Failed to connect to binary FirefoxBinary(C:\Program Files\Mozilla Firefox\firefox.exe) on port 7055; process output follows: 
e changes
1533655789978	addons.xpi	DEBUG	Updating database with changes to installed add-ons
1533655789979	addons.xpi-utils	DEBUG	Updating add-on states
1533655789984	addons.xpi-utils	DEBUG	Writing add-ons list
1533655789992	addons.xpi-utils	ERROR	Failed to write add-ons list to profile directory: [Exception... "Component returned failure code: 0x8052000e (NS_ERROR_FILE_IS_LOCKED) [nsIFile.moveTo]"  nsresult: "0x8052000e (NS_ERROR_FILE_IS_LOCKED)"  location: "JS frame :: resource://gre/modules/addons/XPIProvider.jsm -> resource://gre/modules/addons/XPIProviderUtils.js :: XPIDB_writeAddonsList :: line 1485"  data: no] Stack trace: XPIDB_writeAddonsList()@resource://gre/modules/addons/XPIProvider.jsm -> resource://gre/modules/addons/XPIProviderUtils.js:1485 < XPI_checkForChanges()@resource://gre/modules/addons/XPIProvider.jsm:3386 < XPI_startup()@resource://gre/modules/addons/XPIProvider.jsm:2518 < callProvider()@resource://gre/modules/AddonManager.jsm:221 < _startProvider()@resource://gre/modules/AddonManager.jsm:828 < AMI_startup()@resource://gre/modules/AddonManager.jsm:999 < AMP_startup()@resource://gre/modules/AddonManager.jsm:2673 < AMC_observe()@resource://gre/components/addonManager.js:58 < <file:unknown>
1533655790009	addons.manager	DEBUG	Registering shutdown blocker for XPIProvider
1533655790010	addons.manager	DEBUG	Provider finished startup: XPIProvider
1533655790010	addons.manager	DEBUG	Starting provider: LightweightThemeManager
1533655790010	addons.manager	DEBUG	Registering shutdown blocker for LightweightThemeManager
1533655790010	addons.manager	DEBUG	Provider finished startup: LightweightThemeManager
1533655790011	addons.manager	DEBUG	Starting provider: GMPProvider
1533655790027	addons.manager	DEBUG	Registering shutdown blocker for GMPProvider
1533655790027	addons.manager	DEBUG	Provider finished startup: GMPProvider
1533655790027	addons.manager	DEBUG	Starting provider: PluginProvider
1533655790028	addons.manager	DEBUG	Registering shutdown blocker for PluginProvider
1533655790028	addons.manager	DEBUG	Provider finished startup: PluginProvider
1533655790029	addons.manager	DEBUG	Completed startup sequence
1533655791210	addons.manager	DEBUG	Starting provider: <unnamed-provider>
1533655791210	addons.manager	DEBUG	Registering shutdown blocker for <unnamed-provider>
1533655791211	addons.manager	DEBUG	Provider finished startup: <unnamed-provider>
1533655792110	DeferredSave.extensions.json	DEBUG	Starting write
1533655793368	addons.repository	DEBUG	No addons.json found.
1533655793369	DeferredSave.addons.json	DEBUG	Save changes
1533655793375	DeferredSave.addons.json	DEBUG	Starting timer
1533655793395	addons.manager	DEBUG	Starting provider: PreviousExperimentProvider
1533655793395	addons.manager	DEBUG	Registering shutdown blocker for PreviousExperimentProvider
1533655793403	addons.manager	DEBUG	Provider finished startup: PreviousExperimentProvider
1533655794083	DeferredSave.extensions.json	DEBUG	Write succeeded
1533655794083	addons.xpi-utils	DEBUG	XPI Database saved, setting schema version preference to 17
1533655794096	DeferredSave.addons.json	DEBUG	Starting write
1533655794607	DeferredSave.addons.json	DEBUG	Write succeeded
1533655806636	addons.manager	DEBUG	shutdown
1533655806637	addons.manager	DEBUG	Calling shutdown blocker for XPIProvider
1533655806637	addons.xpi	DEBUG	shutdown
1533655806638	addons.xpi-utils	DEBUG	Updating add-on states
1533655806641	addons.xpi-utils	DEBUG	Writing add-ons list
1533655806649	addons.xpi-utils	DEBUG	shutdown
1533655806650	addons.manager	DEBUG	Calling shutdown blocker for LightweightThemeManager
1533655806651	addons.manager	DEBUG	Calling shutdown blocker for GMPProvider
1533655806653	addons.manager	DEBUG	Calling shutdown blocker for PluginProvider
1533655806654	addons.manager	DEBUG	Calling shutdown blocker for <unnamed-provider>
1533655806657	addons.manager	DEBUG	Calling shutdown blocker for PreviousExperimentProvider
1533655806662	addons.xpi	DEBUG	Notifying XPI shutdown observers
1533655806668	addons.manager	DEBUG	Async provider shutdown done

Build info: version: '2.53.1', revision: 'a36b8b1cd5757287168e54b817830adce9b0158d', time: '2016-06-30 19:26:09'
System info: host: 'DESKTOP-T7322OL', ip: '192.168.1.8', os.name: 'Windows 10', os.arch: 'amd64', os.version: '10.0', java.version: '1.8.0_171'
Driver info: driver.version: FirefoxDriver
	at org.openqa.selenium.firefox.internal.NewProfileExtensionConnection.start(NewProfileExtensionConnection.java:125)
	at org.openqa.selenium.firefox.FirefoxDriver.startClient(FirefoxDriver.java:271)
	at org.openqa.selenium.remote.RemoteWebDriver.<init>(RemoteWebDriver.java:119)
	at org.openqa.selenium.firefox.FirefoxDriver.<init>(FirefoxDriver.java:216)
	at org.openqa.selenium.firefox.FirefoxDriver.<init>(FirefoxDriver.java:211)
	at org.openqa.selenium.firefox.FirefoxDriver.<init>(FirefoxDriver.java:207)
	at org.openqa.selenium.firefox.FirefoxDriver.<init>(FirefoxDriver.java:120)
	at p.Extentsreports.verifyBlogTitle(Extentsreports.java:35)
	at sun.reflect.NativeMethodAccessorImpl.invoke0(Native Method)
	at sun.reflect.NativeMethodAccessorImpl.invoke(Unknown Source)
	at sun.reflect.DelegatingMethodAccessorImpl.invoke(Unknown Source)
	at java.lang.reflect.Method.invoke(Unknown Source)
	at org.testng.internal.MethodInvocationHelper.invokeMethod(MethodInvocationHelper.java:85)
	at org.testng.internal.Invoker.invokeMethod(Invoker.java:639)
	at org.testng.internal.Invoker.invokeTestMethod(Invoker.java:816)
	at org.testng.internal.Invoker.invokeTestMethods(Invoker.java:1124)
	at org.testng.internal.TestMethodWorker.invokeTestMethods(TestMethodWorker.java:125)
	at org.testng.internal.TestMethodWorker.run(TestMethodWorker.java:108)
	at org.testng.TestRunner.privateRun(TestRunner.java:774)
	at org.testng.TestRunner.run(TestRunner.java:624)
	at org.testng.SuiteRunner.runTest(SuiteRunner.java:359)
	at org.testng.SuiteRunner.runSequentially(SuiteRunner.java:354)
	at org.testng.SuiteRunner.privateRun(SuiteRunner.java:312)
	at org.testng.SuiteRunner.run(SuiteRunner.java:261)
	at org.testng.SuiteRunnerWorker.runSuite(SuiteRunnerWorker.java:52)
	at org.testng.SuiteRunnerWorker.run(SuiteRunnerWorker.java:86)
	at org.testng.TestNG.runSuitesSequentially(TestNG.java:1215)
	at org.testng.TestNG.runSuitesLocally(TestNG.java:1140)
	at org.testng.TestNG.run(TestNG.java:1048)
	at org.testng.remote.AbstractRemoteTestNG.run(AbstractRemoteTestNG.java:114)
	at org.testng.remote.RemoteTestNG.initAndRun(RemoteTestNG.java:251)
	at org.testng.remote.RemoteTestNG.main(RemoteTestNG.java:77)
Caused by: org.openqa.selenium.firefox.NotConnectedException: Unable to connect to host 127.0.0.1 on port 7055 after 45000 ms. Firefox console output:
e changes
1533655789978	addons.xpi	DEBUG	Updating database with changes to installed add-ons
1533655789979	addons.xpi-utils	DEBUG	Updating add-on states
1533655789984	addons.xpi-utils	DEBUG	Writing add-ons list
1533655789992	addons.xpi-utils	ERROR	Failed to write add-ons list to profile directory: [Exception... "Component returned failure code: 0x8052000e (NS_ERROR_FILE_IS_LOCKED) [nsIFile.moveTo]"  nsresult: "0x8052000e (NS_ERROR_FILE_IS_LOCKED)"  location: "JS frame :: resource://gre/modules/addons/XPIProvider.jsm -> resource://gre/modules/addons/XPIProviderUtils.js :: XPIDB_writeAddonsList :: line 1485"  data: no] Stack trace: XPIDB_writeAddonsList()@resource://gre/modules/addons/XPIProvider.jsm -> resource://gre/modules/addons/XPIProviderUtils.js:1485 < XPI_checkForChanges()@resource://gre/modules/addons/XPIProvider.jsm:3386 < XPI_startup()@resource://gre/modules/addons/XPIProvider.jsm:2518 < callProvider()@resource://gre/modules/AddonManager.jsm:221 < _startProvider()@resource://gre/modules/AddonManager.jsm:828 < AMI_startup()@resource://gre/modules/AddonManager.jsm:999 < AMP_startup()@resource://gre/modules/AddonManager.jsm:2673 < AMC_observe()@resource://gre/components/addonManager.js:58 < <file:unknown>
1533655790009	addons.manager	DEBUG	Registering shutdown blocker for XPIProvider
1533655790010	addons.manager	DEBUG	Provider finished startup: XPIProvider
1533655790010	addons.manager	DEBUG	Starting provider: LightweightThemeManager
1533655790010	addons.manager	DEBUG	Registering shutdown blocker for LightweightThemeManager
1533655790010	addons.manager	DEBUG	Provider finished startup: LightweightThemeManager
1533655790011	addons.manager	DEBUG	Starting provider: GMPProvider
1533655790027	addons.manager	DEBUG	Registering shutdown blocker for GMPProvider
1533655790027	addons.manager	DEBUG	Provider finished startup: GMPProvider
1533655790027	addons.manager	DEBUG	Starting provider: PluginProvider
1533655790028	addons.manager	DEBUG	Registering shutdown blocker for PluginProvider
1533655790028	addons.manager	DEBUG	Provider finished startup: PluginProvider
1533655790029	addons.manager	DEBUG	Completed startup sequence
1533655791210	addons.manager	DEBUG	Starting provider: <unnamed-provider>
1533655791210	addons.manager	DEBUG	Registering shutdown blocker for <unnamed-provider>
1533655791211	addons.manager	DEBUG	Provider finished startup: <unnamed-provider>
1533655792110	DeferredSave.extensions.json	DEBUG	Starting write
1533655793368	addons.repository	DEBUG	No addons.json found.
1533655793369	DeferredSave.addons.json	DEBUG	Save changes
1533655793375	DeferredSave.addons.json	DEBUG	Starting timer
1533655793395	addons.manager	DEBUG	Starting provider: PreviousExperimentProvider
1533655793395	addons.manager	DEBUG	Registering shutdown blocker for PreviousExperimentProvider
1533655793403	addons.manager	DEBUG	Provider finished startup: PreviousExperimentProvider
1533655794083	DeferredSave.extensions.json	DEBUG	Write succeeded
1533655794083	addons.xpi-utils	DEBUG	XPI Database saved, setting schema version preference to 17
1533655794096	DeferredSave.addons.json	DEBUG	Starting write
1533655794607	DeferredSave.addons.json	DEBUG	Write succeeded
1533655806636	addons.manager	DEBUG	shutdown
1533655806637	addons.manager	DEBUG	Calling shutdown blocker for XPIProvider
1533655806637	addons.xpi	DEBUG	shutdown
1533655806638	addons.xpi-utils	DEBUG	Updating add-on states
1533655806641	addons.xpi-utils	DEBUG	Writing add-ons list
1533655806649	addons.xpi-utils	DEBUG	shutdown
1533655806650	addons.manager	DEBUG	Calling shutdown blocker for LightweightThemeManager
1533655806651	addons.manager	DEBUG	Calling shutdown blocker for GMPProvider
1533655806653	addons.manager	DEBUG	Calling shutdown blocker for PluginProvider
1533655806654	addons.manager	DEBUG	Calling shutdown blocker for <unnamed-provider>
1533655806657	addons.manager	DEBUG	Calling shutdown blocker for PreviousExperimentProvider
1533655806662	addons.xpi	DEBUG	Notifying XPI shutdown observers
1533655806668	addons.manager	DEBUG	Async provider shutdown done

	at org.openqa.selenium.firefox.internal.NewProfileExtensionConnection.start(NewProfileExtensionConnection.java:113)
	... 31 more
]]>
    </error>
  </testcase> <!-- verifyBlogTitle -->
</testsuite> <!-- p.Extentsreports -->
