<?xml version="1.0" encoding="UTF-8"?>
<!-- Generated by org.testng.reporters.JUnitReportReporter -->
<testsuite hostname="DESKTOP-T7322OL" name="p.Testngclass" tests="1" failures="0" timestamp="1 Apr 2018 06:09:37 GMT" time="5.242" errors="0">
  <testcase name="alwaysRun" time="5.242" classname="p.Testngclass"/>
</testsuite> <!-- p.Testngclass -->
