<?xml version="1.0" encoding="UTF-8"?>
<!-- Generated by org.testng.reporters.JUnitReportReporter -->
<testsuite hostname="DESKTOP-T7322OL" name="p.Dropdownvalues" tests="1" failures="0" timestamp="4 Apr 2018 05:21:41 GMT" time="13.277" errors="0">
  <testcase name="dropdown" time="13.277" classname="p.Dropdownvalues"/>
</testsuite> <!-- p.Dropdownvalues -->
