<?xml version="1.0" encoding="UTF-8"?>
<!-- Generated by org.testng.reporters.JUnitReportReporter -->
<testsuite hostname="DESKTOP-T7322OL" name="p.Jdbcconnectionfororacle" tests="1" failures="0" timestamp="3 Apr 2018 04:05:19 GMT" time="1.729" errors="0">
  <testcase name="oracledatabaseconnection" time="1.729" classname="p.Jdbcconnectionfororacle"/>
</testsuite> <!-- p.Jdbcconnectionfororacle -->
