<?xml version="1.0" encoding="UTF-8"?>
<!-- Generated by org.testng.reporters.JUnitReportReporter -->
<testsuite hostname="DESKTOP-T7322OL" failures="0" tests="1" name="p.Jdbcconnectionfororacle" time="1.494" errors="0" timestamp="26 Nov 2018 12:34:30 GMT">
  <testcase classname="p.Jdbcconnectionfororacle" name="oracledatabaseconnection" time="1.494"/>
</testsuite> <!-- p.Jdbcconnectionfororacle -->
