<?xml version="1.0" encoding="UTF-8"?>
<!-- Generated by org.testng.reporters.JUnitReportReporter -->
<testsuite hostname="DESKTOP-T7322OL" name="p.Dropdownvalues" tests="1" failures="0" timestamp="19 Jul 2018 05:12:15 GMT" time="22.966" errors="0">
  <testcase name="dropdown" time="22.966" classname="p.Dropdownvalues"/>
</testsuite> <!-- p.Dropdownvalues -->
