<?xml version="1.0" encoding="UTF-8"?>
<!-- Generated by org.testng.reporters.JUnitReportReporter -->
<testsuite hostname="DESKTOP-T7322OL" name="p.practies" tests="1" failures="0" timestamp="16 Apr 2018 08:19:00 GMT" time="1.214" errors="0">
  <testcase name="test" time="1.214" classname="p.practies"/>
</testsuite> <!-- p.practies -->
