<?xml version="1.0" encoding="UTF-8"?>
<!-- Generated by org.testng.reporters.JUnitReportReporter -->
<testsuite hostname="DESKTOP-T7322OL" name="p.Javascriptexecutor" tests="1" failures="0" timestamp="2 Apr 2018 16:30:08 GMT" time="45.710" errors="0">
  <testcase name="click" time="45.710" classname="p.Javascriptexecutor"/>
</testsuite> <!-- p.Javascriptexecutor -->
