<?xml version="1.0" encoding="UTF-8"?>
<!-- Generated by org.testng.reporters.JUnitReportReporter -->
<testsuite hostname="DESKTOP-T7322OL" name="s.A2" tests="1" failures="0" timestamp="21 Jul 2018 14:44:07 GMT" time="0.034" errors="0">
  <testcase name="f" time="0.034" classname="s.A2"/>
</testsuite> <!-- s.A2 -->
