<?xml version="1.0" encoding="UTF-8"?>
<!-- Generated by org.testng.reporters.JUnitReportReporter -->
<testsuite hostname="DESKTOP-T7322OL" name="sampl.TC2" tests="1" failures="0" timestamp="22 Mar 2018 05:13:25 GMT" time="39.289" errors="0">
  <testcase name="testTC2" time="39.289" classname="sampl.TC2"/>
</testsuite> <!-- sampl.TC2 -->
