<?xml version="1.0" encoding="UTF-8"?>
<!-- Generated by org.testng.reporters.JUnitReportReporter -->
<testsuite hostname="DESKTOP-T7322OL" name="Interview_Quesions.WindowHandles" tests="1" failures="0" timestamp="15 Dec 2018 10:30:49 GMT" time="23.938" errors="0">
  <testcase name="windows_Demo" time="23.938" classname="Interview_Quesions.WindowHandles"/>
</testsuite> <!-- Interview_Quesions.WindowHandles -->
